<?xml version="1.0" encoding="UTF-8"?>
<!-- Generated by org.testng.reporters.JUnitReportReporter -->
<testsuite name="com.Testcase.Registrationcase" tests="1" time="71.897" ignored="0" failures="0" timestamp="07 Mar 2020 06:10:58 GMT" skipped="0" hostname="BLT055" errors="0">
  <testcase name="register" time="71.897" classname="com.Testcase.Registrationcase"/>
</testsuite> <!-- com.Testcase.Registrationcase -->
